<?xml version="1.0" encoding="UTF-8"?>
<testng-results skipped="0" failed="2" ignored="25" total="31" passed="4">
  <reporter-output>
  </reporter-output>
  <suite name="Suite" duration-ms="157333" started-at="2022-01-12T13:26:55 IST" finished-at="2022-01-12T13:29:33 IST">
    <groups>
      <group name="vikesh2">
        <method signature="createProjectPageTest.NewProject(java.lang.String,java.lang.String,java.lang.String,java.lang.String)[pri:4, instance:com.testcases.createProjectPageTest@68e62ca4]" name="NewProject" class="com.testcases.createProjectPageTest"/>
        <method signature="homePageTest.homeSearchProject(java.lang.String)[pri:3, instance:com.testcases.homePageTest@5328a9c1]" name="homeSearchProject" class="com.testcases.homePageTest"/>
        <method signature="homePageTest.homeUserProfileLogout()[pri:2, instance:com.testcases.homePageTest@5328a9c1]" name="homeUserProfileLogout" class="com.testcases.homePageTest"/>
        <method signature="loginPageTest.Login_TC_001()[pri:1, instance:com.testcases.loginPageTest@6579c3d9]" name="Login_TC_001" class="com.testcases.loginPageTest"/>
        <method signature="signUpTest.signUpDetails(java.lang.String,java.lang.String,java.lang.String,java.lang.String,java.lang.String,java.lang.String,java.lang.String,java.lang.String)[pri:0, instance:com.testcases.signUpTest@682c1e93]" name="signUpDetails" class="com.testcases.signUpTest"/>
      </group> <!-- vikesh2 -->
    </groups>
    <test name="Test" duration-ms="157333" started-at="2022-01-12T13:26:55 IST" finished-at="2022-01-12T13:29:33 IST">
      <class name="com.testcases.loginPageTest">
        <test-method status="PASS" signature="loadConfig()[pri:0, instance:com.testcases.loginPageTest@6579c3d9]" name="loadConfig" is-config="true" duration-ms="646" started-at="2022-01-12T13:26:55 IST" finished-at="2022-01-12T13:26:55 IST">
          <reporter-output>
          </reporter-output>
        </test-method> <!-- loadConfig -->
        <test-method status="PASS" signature="setup()[pri:0, instance:com.testcases.loginPageTest@6579c3d9]" name="setup" is-config="true" duration-ms="10664" started-at="2022-01-12T13:26:56 IST" finished-at="2022-01-12T13:27:06 IST">
          <reporter-output>
          </reporter-output>
        </test-method> <!-- setup -->
        <test-method status="FAIL" signature="Login_TC_001()[pri:1, instance:com.testcases.loginPageTest@6579c3d9]" name="Login_TC_001" duration-ms="17784" started-at="2022-01-12T13:27:06 IST" description="verifying login with page title verification" finished-at="2022-01-12T13:27:24 IST">
          <exception class="java.lang.AssertionError">
            <message>
              <![CDATA[expected [TUDU1] but found [TUDU]]]>
            </message>
            <full-stacktrace>
              <![CDATA[java.lang.AssertionError: expected [TUDU1] but found [TUDU]
at org.testng.Assert.fail(Assert.java:99)
at org.testng.Assert.failNotEquals(Assert.java:1037)
at org.testng.Assert.assertEqualsImpl(Assert.java:140)
at org.testng.Assert.assertEquals(Assert.java:122)
at org.testng.Assert.assertEquals(Assert.java:629)
at org.testng.Assert.assertEquals(Assert.java:639)
at com.testcases.loginPageTest.Login_TC_001(loginPageTest.java:64)
at sun.reflect.NativeMethodAccessorImpl.invoke0(Native Method)
at sun.reflect.NativeMethodAccessorImpl.invoke(NativeMethodAccessorImpl.java:62)
at sun.reflect.DelegatingMethodAccessorImpl.invoke(DelegatingMethodAccessorImpl.java:43)
at java.lang.reflect.Method.invoke(Method.java:498)
at org.testng.internal.MethodInvocationHelper.invokeMethod(MethodInvocationHelper.java:133)
at org.testng.internal.TestInvoker.invokeMethod(TestInvoker.java:598)
at org.testng.internal.TestInvoker.invokeTestMethod(TestInvoker.java:173)
at org.testng.internal.MethodRunner.runInSequence(MethodRunner.java:46)
at org.testng.internal.TestInvoker$MethodInvocationAgent.invoke(TestInvoker.java:824)
at org.testng.internal.TestInvoker.invokeTestMethods(TestInvoker.java:146)
at org.testng.internal.TestMethodWorker.invokeTestMethods(TestMethodWorker.java:146)
at org.testng.internal.TestMethodWorker.run(TestMethodWorker.java:128)
at java.util.ArrayList.forEach(ArrayList.java:1259)
at org.testng.TestRunner.privateRun(TestRunner.java:794)
at org.testng.TestRunner.run(TestRunner.java:596)
at org.testng.SuiteRunner.runTest(SuiteRunner.java:377)
at org.testng.SuiteRunner.runSequentially(SuiteRunner.java:371)
at org.testng.SuiteRunner.privateRun(SuiteRunner.java:332)
at org.testng.SuiteRunner.run(SuiteRunner.java:276)
at org.testng.SuiteRunnerWorker.runSuite(SuiteRunnerWorker.java:53)
at org.testng.SuiteRunnerWorker.run(SuiteRunnerWorker.java:96)
at org.testng.TestNG.runSuitesSequentially(TestNG.java:1212)
at org.testng.TestNG.runSuitesLocally(TestNG.java:1134)
at org.testng.TestNG.runSuites(TestNG.java:1063)
at org.testng.TestNG.run(TestNG.java:1031)
at org.testng.remote.AbstractRemoteTestNG.run(AbstractRemoteTestNG.java:115)
at org.testng.remote.RemoteTestNG.initAndRun(RemoteTestNG.java:251)
at org.testng.remote.RemoteTestNG.main(RemoteTestNG.java:77)
]]>
            </full-stacktrace>
          </exception> <!-- java.lang.AssertionError -->
          <reporter-output>
          </reporter-output>
        </test-method> <!-- Login_TC_001 -->
        <test-method status="PASS" signature="teardown()[pri:0, instance:com.testcases.loginPageTest@6579c3d9]" name="teardown" is-config="true" duration-ms="4284" started-at="2022-01-12T13:27:25 IST" finished-at="2022-01-12T13:27:29 IST">
          <reporter-output>
          </reporter-output>
        </test-method> <!-- teardown -->
        <test-method status="PASS" signature="tearDown()[pri:0, instance:com.testcases.loginPageTest@6579c3d9]" name="tearDown" is-config="true" duration-ms="687" started-at="2022-01-12T13:27:29 IST" finished-at="2022-01-12T13:27:29 IST">
          <reporter-output>
          </reporter-output>
        </test-method> <!-- tearDown -->
        <test-method status="PASS" signature="tearDown()[pri:0, instance:com.testcases.loginPageTest@6579c3d9]" name="tearDown" is-config="true" duration-ms="76" started-at="2022-01-12T13:29:33 IST" finished-at="2022-01-12T13:29:33 IST">
          <reporter-output>
          </reporter-output>
        </test-method> <!-- tearDown -->
      </class> <!-- com.testcases.loginPageTest -->
      <class name="com.testcases.createProjectPageTest">
        <test-method status="PASS" signature="setup()[pri:0, instance:com.testcases.createProjectPageTest@68e62ca4]" name="setup" is-config="true" duration-ms="20415" started-at="2022-01-12T13:27:47 IST" finished-at="2022-01-12T13:28:07 IST">
          <reporter-output>
          </reporter-output>
        </test-method> <!-- setup -->
        <test-method status="FAIL" signature="NewProject(java.lang.String,java.lang.String,java.lang.String,java.lang.String)[pri:4, instance:com.testcases.createProjectPageTest@68e62ca4]" name="NewProject" duration-ms="12473" started-at="2022-01-12T13:28:07 IST" description="Verifing new project creation" data-provider="createproject" finished-at="2022-01-12T13:28:20 IST">
          <params>
            <param index="0">
              <value>
                <![CDATA[A8 project]]>
              </value>
            </param>
            <param index="1">
              <value>
                <![CDATA[Doing testing to create project]]>
              </value>
            </param>
            <param index="2">
              <value>
                <![CDATA[abc]]>
              </value>
            </param>
            <param index="3">
              <value>
                <![CDATA[Account]]>
              </value>
            </param>
          </params>
          <exception class="org.openqa.selenium.NoSuchElementException">
            <message>
              <![CDATA[no such element: Unable to locate element: {"method":"xpath","selector":"//div[@class='multiselect-dropdown']/div/span"}
  (Session info: chrome=97.0.4692.71)
For documentation on this error, please visit: https://www.seleniumhq.org/exceptions/no_such_element.html
Build info: version: '3.141.59', revision: 'e82be7d358', time: '2018-11-14T08:17:03'
System info: host: 'DESKTOP-8VB0F45', ip: '192.168.43.23', os.name: 'Windows 10', os.arch: 'amd64', os.version: '10.0', java.version: '1.8.0_311'
Driver info: org.openqa.selenium.chrome.ChromeDriver
Capabilities {acceptInsecureCerts: false, browserName: chrome, browserVersion: 97.0.4692.71, chrome: {chromedriverVersion: 97.0.4692.71 (adefa7837d02a..., userDataDir: C:\Users\Vikesh\AppData\Loc...}, goog:chromeOptions: {debuggerAddress: localhost:52899}, javascriptEnabled: true, networkConnectionEnabled: false, pageLoadStrategy: normal, platform: WINDOWS, platformName: WINDOWS, proxy: Proxy(), setWindowRect: true, strictFileInteractability: false, timeouts: {implicit: 0, pageLoad: 300000, script: 30000}, unhandledPromptBehavior: dismiss and notify, webauthn:extension:credBlob: true, webauthn:extension:largeBlob: true, webauthn:virtualAuthenticators: true}
Session ID: 19031582fee197775a5dd8936d187c16
*** Element info: {Using=xpath, value=//div[@class='multiselect-dropdown']/div/span}]]>
            </message>
            <full-stacktrace>
              <![CDATA[org.openqa.selenium.NoSuchElementException: no such element: Unable to locate element: {"method":"xpath","selector":"//div[@class='multiselect-dropdown']/div/span"}
  (Session info: chrome=97.0.4692.71)
For documentation on this error, please visit: https://www.seleniumhq.org/exceptions/no_such_element.html
Build info: version: '3.141.59', revision: 'e82be7d358', time: '2018-11-14T08:17:03'
System info: host: 'DESKTOP-8VB0F45', ip: '192.168.43.23', os.name: 'Windows 10', os.arch: 'amd64', os.version: '10.0', java.version: '1.8.0_311'
Driver info: org.openqa.selenium.chrome.ChromeDriver
Capabilities {acceptInsecureCerts: false, browserName: chrome, browserVersion: 97.0.4692.71, chrome: {chromedriverVersion: 97.0.4692.71 (adefa7837d02a..., userDataDir: C:\Users\Vikesh\AppData\Loc...}, goog:chromeOptions: {debuggerAddress: localhost:52899}, javascriptEnabled: true, networkConnectionEnabled: false, pageLoadStrategy: normal, platform: WINDOWS, platformName: WINDOWS, proxy: Proxy(), setWindowRect: true, strictFileInteractability: false, timeouts: {implicit: 0, pageLoad: 300000, script: 30000}, unhandledPromptBehavior: dismiss and notify, webauthn:extension:credBlob: true, webauthn:extension:largeBlob: true, webauthn:virtualAuthenticators: true}
Session ID: 19031582fee197775a5dd8936d187c16
*** Element info: {Using=xpath, value=//div[@class='multiselect-dropdown']/div/span}
at sun.reflect.NativeConstructorAccessorImpl.newInstance0(Native Method)
at sun.reflect.NativeConstructorAccessorImpl.newInstance(NativeConstructorAccessorImpl.java:62)
at sun.reflect.DelegatingConstructorAccessorImpl.newInstance(DelegatingConstructorAccessorImpl.java:45)
at java.lang.reflect.Constructor.newInstance(Constructor.java:423)
at org.openqa.selenium.remote.http.W3CHttpResponseCodec.createException(W3CHttpResponseCodec.java:187)
at org.openqa.selenium.remote.http.W3CHttpResponseCodec.decode(W3CHttpResponseCodec.java:122)
at org.openqa.selenium.remote.http.W3CHttpResponseCodec.decode(W3CHttpResponseCodec.java:49)
at org.openqa.selenium.remote.HttpCommandExecutor.execute(HttpCommandExecutor.java:158)
at org.openqa.selenium.remote.service.DriverCommandExecutor.execute(DriverCommandExecutor.java:83)
at org.openqa.selenium.remote.RemoteWebDriver.execute(RemoteWebDriver.java:552)
at org.openqa.selenium.remote.RemoteWebDriver.findElement(RemoteWebDriver.java:323)
at org.openqa.selenium.remote.RemoteWebDriver.findElementByXPath(RemoteWebDriver.java:428)
at org.openqa.selenium.By$ByXPath.findElement(By.java:353)
at org.openqa.selenium.remote.RemoteWebDriver.findElement(RemoteWebDriver.java:315)
at org.openqa.selenium.support.pagefactory.DefaultElementLocator.findElement(DefaultElementLocator.java:69)
at org.openqa.selenium.support.pagefactory.internal.LocatingElementHandler.invoke(LocatingElementHandler.java:38)
at com.sun.proxy.$Proxy25.click(Unknown Source)
at com.TuduApp.pages.createProjectPage.validateSelectMembers(createProjectPage.java:126)
at com.testcases.createProjectPageTest.NewProject(createProjectPageTest.java:75)
at sun.reflect.NativeMethodAccessorImpl.invoke0(Native Method)
at sun.reflect.NativeMethodAccessorImpl.invoke(NativeMethodAccessorImpl.java:62)
at sun.reflect.DelegatingMethodAccessorImpl.invoke(DelegatingMethodAccessorImpl.java:43)
at java.lang.reflect.Method.invoke(Method.java:498)
at org.testng.internal.MethodInvocationHelper.invokeMethod(MethodInvocationHelper.java:133)
at org.testng.internal.TestInvoker.invokeMethod(TestInvoker.java:598)
at org.testng.internal.TestInvoker.invokeTestMethod(TestInvoker.java:173)
at org.testng.internal.MethodRunner.runInSequence(MethodRunner.java:46)
at org.testng.internal.TestInvoker$MethodInvocationAgent.invoke(TestInvoker.java:824)
at org.testng.internal.TestInvoker.invokeTestMethods(TestInvoker.java:146)
at org.testng.internal.TestMethodWorker.invokeTestMethods(TestMethodWorker.java:146)
at org.testng.internal.TestMethodWorker.run(TestMethodWorker.java:128)
at java.util.ArrayList.forEach(ArrayList.java:1259)
at org.testng.TestRunner.privateRun(TestRunner.java:794)
at org.testng.TestRunner.run(TestRunner.java:596)
at org.testng.SuiteRunner.runTest(SuiteRunner.java:377)
at org.testng.SuiteRunner.runSequentially(SuiteRunner.java:371)
at org.testng.SuiteRunner.privateRun(SuiteRunner.java:332)
at org.testng.SuiteRunner.run(SuiteRunner.java:276)
at org.testng.SuiteRunnerWorker.runSuite(SuiteRunnerWorker.java:53)
at org.testng.SuiteRunnerWorker.run(SuiteRunnerWorker.java:96)
at org.testng.TestNG.runSuitesSequentially(TestNG.java:1212)
at org.testng.TestNG.runSuitesLocally(TestNG.java:1134)
at org.testng.TestNG.runSuites(TestNG.java:1063)
at org.testng.TestNG.run(TestNG.java:1031)
at org.testng.remote.AbstractRemoteTestNG.run(AbstractRemoteTestNG.java:115)
at org.testng.remote.RemoteTestNG.initAndRun(RemoteTestNG.java:251)
at org.testng.remote.RemoteTestNG.main(RemoteTestNG.java:77)
]]>
            </full-stacktrace>
          </exception> <!-- org.openqa.selenium.NoSuchElementException -->
          <reporter-output>
          </reporter-output>
        </test-method> <!-- NewProject -->
        <test-method status="PASS" signature="teardown()[pri:0, instance:com.testcases.createProjectPageTest@68e62ca4]" name="teardown" is-config="true" duration-ms="4198" started-at="2022-01-12T13:28:20 IST" finished-at="2022-01-12T13:28:24 IST">
          <reporter-output>
          </reporter-output>
        </test-method> <!-- teardown -->
        <test-method status="PASS" signature="tearDown()[pri:0, instance:com.testcases.createProjectPageTest@68e62ca4]" name="tearDown" is-config="true" duration-ms="123" started-at="2022-01-12T13:28:24 IST" finished-at="2022-01-12T13:28:24 IST">
          <reporter-output>
          </reporter-output>
        </test-method> <!-- tearDown -->
      </class> <!-- com.testcases.createProjectPageTest -->
      <class name="com.testcases.homePageTest">
        <test-method status="PASS" signature="setup()[pri:0, instance:com.testcases.homePageTest@5328a9c1]" name="setup" is-config="true" duration-ms="6424" started-at="2022-01-12T13:28:24 IST" finished-at="2022-01-12T13:28:31 IST">
          <reporter-output>
          </reporter-output>
        </test-method> <!-- setup -->
        <test-method status="PASS" signature="homeUserProfileLogout()[pri:2, instance:com.testcases.homePageTest@5328a9c1]" name="homeUserProfileLogout" duration-ms="14415" started-at="2022-01-12T13:28:31 IST" description="Verifing Logout functionality" finished-at="2022-01-12T13:28:45 IST">
          <reporter-output>
          </reporter-output>
        </test-method> <!-- homeUserProfileLogout -->
        <test-method status="PASS" signature="teardown()[pri:0, instance:com.testcases.homePageTest@5328a9c1]" name="teardown" is-config="true" duration-ms="199" started-at="2022-01-12T13:28:45 IST" finished-at="2022-01-12T13:28:45 IST">
          <reporter-output>
          </reporter-output>
        </test-method> <!-- teardown -->
        <test-method status="PASS" signature="tearDown()[pri:0, instance:com.testcases.homePageTest@5328a9c1]" name="tearDown" is-config="true" duration-ms="113" started-at="2022-01-12T13:28:45 IST" finished-at="2022-01-12T13:28:45 IST">
          <reporter-output>
          </reporter-output>
        </test-method> <!-- tearDown -->
        <test-method status="PASS" signature="setup()[pri:0, instance:com.testcases.homePageTest@5328a9c1]" name="setup" is-config="true" duration-ms="6144" started-at="2022-01-12T13:28:45 IST" finished-at="2022-01-12T13:28:52 IST">
          <reporter-output>
          </reporter-output>
        </test-method> <!-- setup -->
        <test-method status="PASS" signature="homeSearchProject(java.lang.String)[pri:3, instance:com.testcases.homePageTest@5328a9c1]" name="homeSearchProject" duration-ms="11757" started-at="2022-01-12T13:28:52 IST" description="Verifing project search feature" data-provider="searchProject" finished-at="2022-01-12T13:29:03 IST">
          <params>
            <param index="0">
              <value>
                <![CDATA[TUDU]]>
              </value>
            </param>
          </params>
          <reporter-output>
          </reporter-output>
        </test-method> <!-- homeSearchProject -->
        <test-method status="PASS" signature="teardown()[pri:0, instance:com.testcases.homePageTest@5328a9c1]" name="teardown" is-config="true" duration-ms="4186" started-at="2022-01-12T13:29:03 IST" finished-at="2022-01-12T13:29:08 IST">
          <reporter-output>
          </reporter-output>
        </test-method> <!-- teardown -->
        <test-method status="PASS" signature="tearDown()[pri:0, instance:com.testcases.homePageTest@5328a9c1]" name="tearDown" is-config="true" duration-ms="199" started-at="2022-01-12T13:29:08 IST" finished-at="2022-01-12T13:29:08 IST">
          <reporter-output>
          </reporter-output>
        </test-method> <!-- tearDown -->
      </class> <!-- com.testcases.homePageTest -->
      <class name="com.testcases.confirmPasswordPageTest">
        <test-method status="PASS" signature="setup()[pri:0, instance:com.testcases.confirmPasswordPageTest@5b78fdb1]" name="setup" is-config="true" duration-ms="6712" started-at="2022-01-12T13:29:08 IST" finished-at="2022-01-12T13:29:15 IST">
          <reporter-output>
          </reporter-output>
        </test-method> <!-- setup -->
        <test-method status="PASS" signature="changePassword(java.lang.String,java.lang.String,java.lang.String)[pri:5, instance:com.testcases.confirmPasswordPageTest@5b78fdb1]" name="changePassword" duration-ms="17679" started-at="2022-01-12T13:29:15 IST" description="Verifing change password functionality" data-provider="Password" finished-at="2022-01-12T13:29:32 IST">
          <params>
            <param index="0">
              <value>
                <![CDATA[Vikesh@1989]]>
              </value>
            </param>
            <param index="1">
              <value>
                <![CDATA[Test@1989]]>
              </value>
            </param>
            <param index="2">
              <value>
                <![CDATA[Test@1989]]>
              </value>
            </param>
          </params>
          <reporter-output>
          </reporter-output>
        </test-method> <!-- changePassword -->
        <test-method status="PASS" signature="teardown()[pri:0, instance:com.testcases.confirmPasswordPageTest@5b78fdb1]" name="teardown" is-config="true" duration-ms="225" started-at="2022-01-12T13:29:32 IST" finished-at="2022-01-12T13:29:32 IST">
          <reporter-output>
          </reporter-output>
        </test-method> <!-- teardown -->
        <test-method status="PASS" signature="tearDown()[pri:0, instance:com.testcases.confirmPasswordPageTest@5b78fdb1]" name="tearDown" is-config="true" duration-ms="96" started-at="2022-01-12T13:29:32 IST" finished-at="2022-01-12T13:29:33 IST">
          <reporter-output>
          </reporter-output>
        </test-method> <!-- tearDown -->
      </class> <!-- com.testcases.confirmPasswordPageTest -->
      <class name="com.testcases.signUpTest">
        <test-method status="PASS" signature="setup()[pri:0, instance:com.testcases.signUpTest@682c1e93]" name="setup" is-config="true" duration-ms="6202" started-at="2022-01-12T13:27:30 IST" finished-at="2022-01-12T13:27:36 IST">
          <reporter-output>
          </reporter-output>
        </test-method> <!-- setup -->
        <test-method status="PASS" signature="signUpDetails(java.lang.String,java.lang.String,java.lang.String,java.lang.String,java.lang.String,java.lang.String,java.lang.String,java.lang.String)[pri:0, instance:com.testcases.signUpTest@682c1e93]" name="signUpDetails" duration-ms="6391" started-at="2022-01-12T13:27:36 IST" description="Verifing sign up page details" data-provider="signup" finished-at="2022-01-12T13:27:42 IST">
          <params>
            <param index="0">
              <value>
                <![CDATA[Aimdek]]>
              </value>
            </param>
            <param index="1">
              <value>
                <![CDATA[Testing last Name]]>
              </value>
            </param>
            <param index="2">
              <value>
                <![CDATA[Test next]]>
              </value>
            </param>
            <param index="3">
              <value>
                <![CDATA[ontwo]]>
              </value>
            </param>
            <param index="4">
              <value>
                <![CDATA[test@gmail.com]]>
              </value>
            </param>
            <param index="5">
              <value>
                <![CDATA[test@gmail.com]]>
              </value>
            </param>
            <param index="6">
              <value>
                <![CDATA[https://www.testone.com]]>
              </value>
            </param>
            <param index="7">
              <value>
                <![CDATA[Pass123#$]]>
              </value>
            </param>
          </params>
          <reporter-output>
          </reporter-output>
        </test-method> <!-- signUpDetails -->
        <test-method status="PASS" signature="teardown()[pri:0, instance:com.testcases.signUpTest@682c1e93]" name="teardown" is-config="true" duration-ms="4238" started-at="2022-01-12T13:27:42 IST" finished-at="2022-01-12T13:27:46 IST">
          <reporter-output>
          </reporter-output>
        </test-method> <!-- teardown -->
        <test-method status="PASS" signature="tearDown()[pri:0, instance:com.testcases.signUpTest@682c1e93]" name="tearDown" is-config="true" duration-ms="147" started-at="2022-01-12T13:27:46 IST" finished-at="2022-01-12T13:27:47 IST">
          <reporter-output>
          </reporter-output>
        </test-method> <!-- tearDown -->
      </class> <!-- com.testcases.signUpTest -->
    </test> <!-- Test -->
  </suite> <!-- Suite -->
</testng-results>
