<?xml version="1.0" encoding="UTF-8"?>
<!-- Generated by org.testng.reporters.JUnitXMLReporter -->
<testsuite hostname="DESKTOP-8VB0F45" ignored="25" name="Test" tests="6" failures="2" timestamp="2022-03-25T14:07:35 IST" time="155.224" errors="0">
  <testcase name="Login_TC_001" time="17.658" classname="com.testcases.loginPageTest">
    <failure type="java.lang.AssertionError" message="expected [TUDU1] but found [Tudu - A complete toolkit for every project| Project Management Software]">
      <![CDATA[java.lang.AssertionError: expected [TUDU1] but found [Tudu - A complete toolkit for every project| Project Management Software]
at com.testcases.loginPageTest.Login_TC_001(loginPageTest.java:64)
at java.util.ArrayList.forEach(ArrayList.java:1259)
... Removed 33 stack frames]]>
    </failure>
  </testcase> <!-- Login_TC_001 -->
  <testcase name="signUpDetails" time="6.51" classname="com.testcases.signUpTest"/>
  <testcase name="NewProject" time="12.117" classname="com.testcases.createProjectPageTest">
    <failure type="org.openqa.selenium.NoSuchElementException" message="no such element: Unable to locate element: {&amp;quot;method&amp;quot;:&amp;quot;xpath&amp;quot;,&amp;quot;selector&amp;quot;:&amp;quot;//div[@class=&amp;apos;multiselect-dropdown&amp;apos;]/div/span&amp;quot;}
  (Session info: chrome=99.0.4844.82)
For documentation on this error, please visit: https://www.seleniumhq.org/exceptions/no_such_element.html
Build info: version: &amp;apos;3.141.59&amp;apos;, revision: &amp;apos;e82be7d358&amp;apos;, time: &amp;apos;2018-11-14T08:17:03&amp;apos;
System info: host: &amp;apos;DESKTOP-8VB0F45&amp;apos;, ip: &amp;apos;172.18.5.97&amp;apos;, os.name: &amp;apos;Windows 10&amp;apos;, os.arch: &amp;apos;amd64&amp;apos;, os.version: &amp;apos;10.0&amp;apos;, java.version: &amp;apos;1.8.0_311&amp;apos;
Driver info: org.openqa.selenium.chrome.ChromeDriver
Capabilities {acceptInsecureCerts: false, browserName: chrome, browserVersion: 99.0.4844.82, chrome: {chromedriverVersion: 99.0.4844.51 (d537ec02474b5..., userDataDir: C:\Users\Vikesh\AppData\Loc...}, goog:chromeOptions: {debuggerAddress: localhost:60245}, javascriptEnabled: true, networkConnectionEnabled: false, pageLoadStrategy: normal, platform: WINDOWS, platformName: WINDOWS, proxy: Proxy(), setWindowRect: true, strictFileInteractability: false, timeouts: {implicit: 0, pageLoad: 300000, script: 30000}, unhandledPromptBehavior: dismiss and notify, webauthn:extension:credBlob: true, webauthn:extension:largeBlob: true, webauthn:virtualAuthenticators: true}
Session ID: da5098a874fc6c05cc0577c3a273db80
*** Element info: {Using=xpath, value=//div[@class=&amp;apos;multiselect-dropdown&amp;apos;]/div/span}">
      <![CDATA[org.openqa.selenium.NoSuchElementException: no such element: Unable to locate element: {"method":"xpath","selector":"//div[@class='multiselect-dropdown']/div/span"}
  (Session info: chrome=99.0.4844.82)
For documentation on this error, please visit: https://www.seleniumhq.org/exceptions/no_such_element.html
Build info: version: '3.141.59', revision: 'e82be7d358', time: '2018-11-14T08:17:03'
System info: host: 'DESKTOP-8VB0F45', ip: '172.18.5.97', os.name: 'Windows 10', os.arch: 'amd64', os.version: '10.0', java.version: '1.8.0_311'
Driver info: org.openqa.selenium.chrome.ChromeDriver
Capabilities {acceptInsecureCerts: false, browserName: chrome, browserVersion: 99.0.4844.82, chrome: {chromedriverVersion: 99.0.4844.51 (d537ec02474b5..., userDataDir: C:\Users\Vikesh\AppData\Loc...}, goog:chromeOptions: {debuggerAddress: localhost:60245}, javascriptEnabled: true, networkConnectionEnabled: false, pageLoadStrategy: normal, platform: WINDOWS, platformName: WINDOWS, proxy: Proxy(), setWindowRect: true, strictFileInteractability: false, timeouts: {implicit: 0, pageLoad: 300000, script: 30000}, unhandledPromptBehavior: dismiss and notify, webauthn:extension:credBlob: true, webauthn:extension:largeBlob: true, webauthn:virtualAuthenticators: true}
Session ID: da5098a874fc6c05cc0577c3a273db80
*** Element info: {Using=xpath, value=//div[@class='multiselect-dropdown']/div/span}
at org.openqa.selenium.remote.http.W3CHttpResponseCodec.createException(W3CHttpResponseCodec.java:187)
at org.openqa.selenium.remote.http.W3CHttpResponseCodec.decode(W3CHttpResponseCodec.java:122)
at org.openqa.selenium.remote.http.W3CHttpResponseCodec.decode(W3CHttpResponseCodec.java:49)
at org.openqa.selenium.remote.HttpCommandExecutor.execute(HttpCommandExecutor.java:158)
at org.openqa.selenium.remote.service.DriverCommandExecutor.execute(DriverCommandExecutor.java:83)
at org.openqa.selenium.remote.RemoteWebDriver.execute(RemoteWebDriver.java:552)
at org.openqa.selenium.remote.RemoteWebDriver.findElement(RemoteWebDriver.java:323)
at org.openqa.selenium.remote.RemoteWebDriver.findElementByXPath(RemoteWebDriver.java:428)
at org.openqa.selenium.By$ByXPath.findElement(By.java:353)
at org.openqa.selenium.remote.RemoteWebDriver.findElement(RemoteWebDriver.java:315)
at org.openqa.selenium.support.pagefactory.DefaultElementLocator.findElement(DefaultElementLocator.java:69)
at org.openqa.selenium.support.pagefactory.internal.LocatingElementHandler.invoke(LocatingElementHandler.java:38)
at com.sun.proxy.$Proxy25.click(Unknown Source)
at com.TuduApp.pages.createProjectPage.validateSelectMembers(createProjectPage.java:126)
at com.testcases.createProjectPageTest.NewProject(createProjectPageTest.java:75)
at java.util.ArrayList.forEach(ArrayList.java:1259)
... Removed 31 stack frames]]>
    </failure>
  </testcase> <!-- NewProject -->
  <testcase name="homeUserProfileLogout" time="14.317" classname="com.testcases.homePageTest"/>
  <testcase name="homeSearchProject" time="11.707" classname="com.testcases.homePageTest"/>
  <testcase name="changePassword" time="17.677" classname="com.testcases.confirmPasswordPageTest"/>
  <testcase name="homeHeaderSearchBar" time="0.0" classname="com.testcases.homePageTest">
    <ignored/>
  </testcase> <!-- homeHeaderSearchBar -->
  <testcase name="homeAppSettings" time="0.0" classname="com.testcases.homePageTest">
    <ignored/>
  </testcase> <!-- homeAppSettings -->
  <testcase name="validateSignUp" time="0.0" classname="com.testcases.loginPageTest">
    <ignored/>
  </testcase> <!-- validateSignUp -->
  <testcase name="homeProject" time="0.0" classname="com.testcases.homePageTest">
    <ignored/>
  </testcase> <!-- homeProject -->
  <testcase name="@AfterSuite tearDown" time="0.0" classname="com.TestBase.TestBase">
    <ignored/>
  </testcase> <!-- @AfterSuite tearDown -->
  <testcase name="@AfterSuite tearDown" time="0.0" classname="com.TestBase.TestBase">
    <ignored/>
  </testcase> <!-- @AfterSuite tearDown -->
  <testcase name="@AfterSuite tearDown" time="0.0" classname="com.TestBase.TestBase">
    <ignored/>
  </testcase> <!-- @AfterSuite tearDown -->
  <testcase name="@AfterSuite tearDown" time="0.0" classname="com.TestBase.TestBase">
    <ignored/>
  </testcase> <!-- @AfterSuite tearDown -->
  <testcase name="@AfterSuite tearDown" time="0.0" classname="com.TestBase.TestBase">
    <ignored/>
  </testcase> <!-- @AfterSuite tearDown -->
  <testcase name="validateForgotPassword" time="0.0" classname="com.testcases.loginPageTest">
    <ignored/>
  </testcase> <!-- validateForgotPassword -->
  <testcase name="homeAddQuickCreatebtn" time="0.0" classname="com.testcases.homePageTest">
    <ignored/>
  </testcase> <!-- homeAddQuickCreatebtn -->
  <testcase name="homeWorkflow" time="0.0" classname="com.testcases.homePageTest">
    <ignored/>
  </testcase> <!-- homeWorkflow -->
  <testcase name="homeNotifcationIcon" time="0.0" classname="com.testcases.homePageTest">
    <ignored/>
  </testcase> <!-- homeNotifcationIcon -->
  <testcase name="homeTimesheet" time="0.0" classname="com.testcases.homePageTest">
    <ignored/>
  </testcase> <!-- homeTimesheet -->
  <testcase name="Login_TC_002" time="0.0" classname="com.testcases.loginPageTest">
    <ignored/>
  </testcase> <!-- Login_TC_002 -->
  <testcase name="homeUserProfile" time="0.0" classname="com.testcases.homePageTest">
    <ignored/>
  </testcase> <!-- homeUserProfile -->
  <testcase name="forgotPwdWorkEmail" time="0.0" classname="com.testcases.forgotPasswordPageTest">
    <ignored/>
  </testcase> <!-- forgotPwdWorkEmail -->
  <testcase name="homeCreateProject" time="0.0" classname="com.testcases.homePageTest">
    <ignored/>
  </testcase> <!-- homeCreateProject -->
  <testcase name="fogotPwdSubmit" time="0.0" classname="com.testcases.forgotPasswordPageTest">
    <ignored/>
  </testcase> <!-- fogotPwdSubmit -->
  <testcase name="@BeforeSuite loadConfig" time="0.0" classname="com.TestBase.TestBase">
    <ignored/>
  </testcase> <!-- @BeforeSuite loadConfig -->
  <testcase name="@BeforeSuite loadConfig" time="0.0" classname="com.TestBase.TestBase">
    <ignored/>
  </testcase> <!-- @BeforeSuite loadConfig -->
  <testcase name="@BeforeSuite loadConfig" time="0.0" classname="com.TestBase.TestBase">
    <ignored/>
  </testcase> <!-- @BeforeSuite loadConfig -->
  <testcase name="@BeforeSuite loadConfig" time="0.0" classname="com.TestBase.TestBase">
    <ignored/>
  </testcase> <!-- @BeforeSuite loadConfig -->
  <testcase name="@BeforeSuite loadConfig" time="0.0" classname="com.TestBase.TestBase">
    <ignored/>
  </testcase> <!-- @BeforeSuite loadConfig -->
  <testcase name="createNewProject" time="0.0" classname="com.testcases.createProjectPageTest">
    <ignored/>
  </testcase> <!-- createNewProject -->
</testsuite> <!-- Test -->
