<?xml version="1.0" encoding="UTF-8"?>
<!-- Generated by org.testng.reporters.JUnitXMLReporter -->
<testsuite hostname="DESKTOP-8VB0F45" ignored="3" name="TUDU App Test" tests="1" failures="1" timestamp="20 Dec 2021 13:21:46 GMT" time="25.196" errors="0">
  <testcase name="Login_TC_001" time="17.574" classname="com.testcases.loginPageTest">
    <failure type="java.lang.AssertionError" message="expected [TUDU1] but found [TUDU]">
      <![CDATA[java.lang.AssertionError: expected [TUDU1] but found [TUDU]
	at com.testcases.loginPageTest.Login_TC_001(loginPageTest.java:57)
... Removed 31 stack frames]]>
    </failure>
  </testcase> <!-- Login_TC_001 -->
  <testcase name="validateForgotPassword" time="0.0" classname="com.testcases.loginPageTest">
    <ignored/>
  </testcase> <!-- validateForgotPassword -->
  <testcase name="Login_TC_002" time="0.0" classname="com.testcases.loginPageTest">
    <ignored/>
  </testcase> <!-- Login_TC_002 -->
  <testcase name="validateSignUp" time="0.0" classname="com.testcases.loginPageTest">
    <ignored/>
  </testcase> <!-- validateSignUp -->
</testsuite> <!-- TUDU App Test -->
